# JRE version: Java(TM) SE Runtime Environment (17.0.12+8) (build 17.0.12+8-LTS-286)
# Java VM: Java HotSpot(TM) 64-Bit Server VM (17.0.12+8-LTS-286, mixed mode, sharing, tiered, compressed oops, compressed class ptrs, g1 gc, bsd-aarch64)
GC Precious Log:
 CPUs: 14 total, 14 available
 Memory: 98304M
 Large Page Support: Disabled
 NUMA Support: Disabled
 Compressed Oops: Enabled (Non-zero based)
 Heap Region Size: 16M
 Heap Min Capacity: 16M
 Heap Initial Capacity: 1536M
 Heap Max Capacity: 24G
 Pre-touch: Disabled
 Parallel Workers: 11
 Concurrent Workers: 3
 Concurrent Refinement Workers: 11
 Periodic GC: Disabled
Heap:
 garbage-first heap   total 229376K, used 65174K [0x0000000301000000, 0x0000000901000000)
  region size 16384K, 4 young (65536K), 1 survivors (16384K)
 Metaspace       used 30333K, committed 30592K, reserved 1114112K
  class space    used 3398K, committed 3520K, reserved 1048576K
GC Heap History (14 events):
Event: 7.333 GC heap before
{Heap before GC invocations=0 (full 0):
 garbage-first heap   total 1605632K, used 81888K [0x0000000301000000, 0x0000000901000000)
  region size 16384K, 4 young (65536K), 0 survivors (0K)
 Metaspace       used 5809K, committed 5952K, reserved 1114112K
  class space    used 634K, committed 704K, reserved 1048576K
}
Event: 7.336 GC heap after
{Heap after GC invocations=1 (full 0):
 garbage-first heap   total 1605632K, used 22737K [0x0000000301000000, 0x0000000901000000)
  region size 16384K, 1 young (16384K), 1 survivors (16384K)
 Metaspace       used 5809K, committed 5952K, reserved 1114112K
  class space    used 634K, committed 704K, reserved 1048576K
}
Event: 11.857 GC heap before
{Heap before GC invocations=1 (full 0):
 garbage-first heap   total 1605632K, used 71889K [0x0000000301000000, 0x0000000901000000)
  region size 16384K, 4 young (65536K), 1 survivors (16384K)
 Metaspace       used 9779K, committed 10048K, reserved 1114112K
  class space    used 1089K, committed 1216K, reserved 1048576K
}
Event: 11.870 GC heap after
{Heap after GC invocations=2 (full 0):
 garbage-first heap   total 1605632K, used 24421K [0x0000000301000000, 0x0000000901000000)
  region size 16384K, 1 young (16384K), 1 survivors (16384K)
 Metaspace       used 9779K, committed 10048K, reserved 1114112K
  class space    used 1089K, committed 1216K, reserved 1048576K
}
Event: 15.795 GC heap before
{Heap before GC invocations=2 (full 0):
 garbage-first heap   total 1605632K, used 89957K [0x0000000301000000, 0x0000000901000000)
  region size 16384K, 5 young (81920K), 1 survivors (16384K)
 Metaspace       used 12558K, committed 12736K, reserved 1114112K
  class space    used 1356K, committed 1408K, reserved 1048576K
}
Event: 15.817 GC heap after
{Heap after GC invocations=3 (full 0):
 garbage-first heap   total 1605632K, used 28085K [0x0000000301000000, 0x0000000901000000)
  region size 16384K, 1 young (16384K), 1 survivors (16384K)
 Metaspace       used 12558K, committed 12736K, reserved 1114112K
  class space    used 1356K, committed 1408K, reserved 1048576K
}
Event: 20.067 GC heap before
{Heap before GC invocations=3 (full 0):
 garbage-first heap   total 1605632K, used 126389K [0x0000000301000000, 0x0000000901000000)
  region size 16384K, 7 young (114688K), 1 survivors (16384K)
 Metaspace       used 17415K, committed 17600K, reserved 1114112K
  class space    used 1787K, committed 1856K, reserved 1048576K
}
Event: 20.071 GC heap after
{Heap after GC invocations=4 (full 0):
 garbage-first heap   total 1605632K, used 30169K [0x0000000301000000, 0x0000000901000000)
  region size 16384K, 1 young (16384K), 1 survivors (16384K)
 Metaspace       used 17415K, committed 17600K, reserved 1114112K
  class space    used 1787K, committed 1856K, reserved 1048576K
}
Event: 32.874 GC heap before
{Heap before GC invocations=4 (full 0):
 garbage-first heap   total 1605632K, used 210393K [0x0000000301000000, 0x0000000901000000)
  region size 16384K, 13 young (212992K), 1 survivors (16384K)
 Metaspace       used 21368K, committed 21504K, reserved 1114112K
  class space    used 2099K, committed 2176K, reserved 1048576K
}
Event: 32.889 GC heap after
{Heap after GC invocations=5 (full 0):
 garbage-first heap   total 1605632K, used 30237K [0x0000000301000000, 0x0000000901000000)
  region size 16384K, 1 young (16384K), 1 survivors (16384K)
 Metaspace       used 21368K, committed 21504K, reserved 1114112K
  class space    used 2099K, committed 2176K, reserved 1048576K
}
Event: 39.879 GC heap before
{Heap before GC invocations=6 (full 0):
 garbage-first heap   total 229376K, used 144925K [0x0000000301000000, 0x0000000901000000)
  region size 16384K, 8 young (131072K), 1 survivors (16384K)
 Metaspace       used 28155K, committed 28352K, reserved 1114112K
  class space    used 3172K, committed 3264K, reserved 1048576K
}
Event: 39.884 GC heap after
{Heap after GC invocations=7 (full 0):
 garbage-first heap   total 229376K, used 31862K [0x0000000301000000, 0x0000000901000000)
  region size 16384K, 1 young (16384K), 1 survivors (16384K)
 Metaspace       used 28155K, committed 28352K, reserved 1114112K
  class space    used 3172K, committed 3264K, reserved 1048576K
}
Event: 42.076 GC heap before
{Heap before GC invocations=7 (full 0):
 garbage-first heap   total 229376K, used 48246K [0x0000000301000000, 0x0000000901000000)
  region size 16384K, 2 young (32768K), 1 survivors (16384K)
 Metaspace       used 29196K, committed 29440K, reserved 1114112K
  class space    used 3312K, committed 3392K, reserved 1048576K
}
Event: 42.083 GC heap after
{Heap after GC invocations=8 (full 0):
 garbage-first heap   total 229376K, used 32406K [0x0000000301000000, 0x0000000901000000)
  region size 16384K, 1 young (16384K), 1 survivors (16384K)
 Metaspace       used 29196K, committed 29440K, reserved 1114112K
  class space    used 3312K, committed 3392K, reserved 1048576K
}

