# JRE version: Java(TM) SE Runtime Environment (17.0.12+8) (build 17.0.12+8-LTS-286)
# Java VM: Java HotSpot(TM) 64-Bit Server VM (17.0.12+8-LTS-286, mixed mode, sharing, tiered, compressed oops, compressed class ptrs, g1 gc, bsd-aarch64)
GC Precious Log:
 CPUs: 14 total, 14 available
 Memory: 98304M
 Large Page Support: Disabled
 NUMA Support: Disabled
 Compressed Oops: Enabled (Non-zero based)
 Heap Region Size: 16M
 Heap Min Capacity: 16M
 Heap Initial Capacity: 16M
 Heap Max Capacity: 24G
 Pre-touch: Disabled
 Parallel Workers: 11
 Concurrent Workers: 3
 Concurrent Refinement Workers: 11
 Periodic GC: Disabled
Heap:
 garbage-first heap   total 114688K, used 35354K [0x0000000301000000, 0x0000000901000000)
  region size 16384K, 2 young (32768K), 1 survivors (16384K)
 Metaspace       used 9208K, committed 9344K, reserved 1114112K
  class space    used 1078K, committed 1152K, reserved 1048576K
GC Heap History (6 events):
Event: 0.397 GC heap before
{Heap before GC invocations=0 (full 0):
 garbage-first heap   total 49152K, used 32736K [0x0000000301000000, 0x0000000901000000)
  region size 16384K, 1 young (16384K), 0 survivors (0K)
 Metaspace       used 3052K, committed 3264K, reserved 1114112K
  class space    used 358K, committed 448K, reserved 1048576K
}
Event: 0.400 GC heap after
{Heap after GC invocations=1 (full 0):
 garbage-first heap   total 65536K, used 23775K [0x0000000301000000, 0x0000000901000000)
  region size 16384K, 1 young (16384K), 1 survivors (16384K)
 Metaspace       used 3052K, committed 3264K, reserved 1114112K
  class space    used 358K, committed 448K, reserved 1048576K
}
Event: 1.076 GC heap before
{Heap before GC invocations=1 (full 0):
 garbage-first heap   total 65536K, used 40159K [0x0000000301000000, 0x0000000901000000)
  region size 16384K, 2 young (32768K), 1 survivors (16384K)
 Metaspace       used 8841K, committed 9088K, reserved 1114112K
  class space    used 1039K, committed 1152K, reserved 1048576K
}
Event: 1.082 GC heap after
{Heap after GC invocations=2 (full 0):
 garbage-first heap   total 81920K, used 29676K [0x0000000301000000, 0x0000000901000000)
  region size 16384K, 1 young (16384K), 1 survivors (16384K)
 Metaspace       used 8841K, committed 9088K, reserved 1114112K
  class space    used 1039K, committed 1152K, reserved 1048576K
}
Event: 1.195 GC heap before
{Heap before GC invocations=3 (full 0):
 garbage-first heap   total 114688K, used 29676K [0x0000000301000000, 0x0000000901000000)
  region size 16384K, 2 young (32768K), 1 survivors (16384K)
 Metaspace       used 8890K, committed 9088K, reserved 1114112K
  class space    used 1039K, committed 1152K, reserved 1048576K
}
Event: 1.201 GC heap after
{Heap after GC invocations=4 (full 0):
 garbage-first heap   total 114688K, used 35354K [0x0000000301000000, 0x0000000901000000)
  region size 16384K, 1 young (16384K), 1 survivors (16384K)
 Metaspace       used 8890K, committed 9088K, reserved 1114112K
  class space    used 1039K, committed 1152K, reserved 1048576K
}

